2022-05-26 11:41:34 : 请求url:http://www.baidu.com/s---请求体json:{'page': '426728531392713353', 'userlist': {'user': '176328863085018869', 'name': '892159831282405258', 'age': '636409296172791573'}}---返回码<Response [200]>
2022-05-26 11:41:57 : 请求url:http://www.baidu.com/s---请求体json:{'page': '905688530518301597', 'userlist': {'user': '394092622453068450', 'name': '140158430650058144', 'age': '710320439015522789'}}---返回码<Response [200]>
2022-05-26 11:41:58 : 请求url:http://www.yunrong.com/d---请求体json:{'qwe': '809319191037110267'}---返回码<Response [404]>
2022-05-26 11:41:58 : 请求url:https://my-test.51shouya.com/neo-api/trans-res---请求体json:{'driverName': '216958966073497088', 'identity': 282005123942166503, 'mobileNumber': 63584742886, 'numberPlate': '渝C02683', 'regionName': '无', 'vendorCode': 'V0000001112', 'vendorName': 'qe测试专用'}---返回码<Response [201]>
2022-05-26 11:42:41 : 请求url:http://www.baidu.com/s---请求体json:{'page': '965165014170149643', 'userlist': {'user': '131284985262756095', 'name': '414708263837701793', 'age': '889216809686982587'}}---返回码<Response [200]>
2022-05-26 11:42:41 : 请求url:http://www.yunrong.com/d---请求体json:{'qwe': '136696464614626789'}---返回码<Response [404]>
2022-05-26 11:42:41 : 请求url:https://my-test.51shouya.com/neo-api/trans-res---请求体json:{'driverName': '361103954126782683', 'identity': 210343444330867844, 'mobileNumber': 78885529208, 'numberPlate': '皖U74674', 'regionName': '无', 'vendorCode': 'V0000001112', 'vendorName': 'qe测试专用'}---返回码<Response [201]>
2022-05-26 11:44:41 : 请求url:http://www.baidu.com/s---请求体json:{'page': '178382903069087096', 'userlist': {'user': '324005982229158637', 'name': '105928248742320128', 'age': {'sex': [13, 6, -4, 4, -3, -4, 2, -4, -14, -5]}}}---返回码<Response [200]>
2022-05-26 11:44:41 : 请求url:http://www.yunrong.com/d---请求体json:{'qwe': '208813523468026525'}---返回码<Response [404]>
2022-05-26 11:44:41 : 请求url:https://my-test.51shouya.com/neo-api/trans-res---请求体json:{'driverName': '572961713555574828', 'identity': 199225297205450947, 'mobileNumber': 22342344928, 'numberPlate': '宁H60497', 'regionName': '无', 'vendorCode': 'V0000001112', 'vendorName': 'qe测试专用'}---返回码<Response [201]>
2022-05-27 16:13:16 : 请求url:http://www.baidu.com/s---请求体json:[{'page': '231756800738850867', 'userlist': [{'user': '178885491830695306', 'name': '496781460603326865', 'age': [{'sex': [7, 10, 0, 6, 10, 8, 3, 8, 2, 9]}]}]}]---返回码<Response [200]>
2022-05-27 16:13:17 : 请求url:http://www.yunrong.com/d---请求体json:[{'qwe': '676398854601064169'}]---返回码<Response [404]>
2022-05-27 16:13:17 : 请求url:https://my-test.51shouya.com/neo-api/trans-res---请求体json:[{'driverName': '880571223732896434', 'identity': 590740499826303081, 'mobileNumber': 12362466767, 'numberPlate': '鲁W83990', 'regionName': '无', 'vendorCode': 'V0000001112', 'vendorName': 'qe测试专用'}]---返回码<Response [401]>
2022-05-27 16:22:20 : 请求url:http://www.baidu.com/s---请求体json:[{'page': '598415952800630087', 'userlist': [{'user': '694092827366597024', 'name': '536481919639449972', 'age': [{'sex': [11, -7, 0, 6, 8, 5, -11, 7, -2, -9]}]}]}]---返回码<Response [200]>
2022-05-27 16:22:20 : 请求url:http://www.yunrong.com/d---请求体json:[{'qwe': '465365856896074093'}]---返回码<Response [404]>
2022-05-27 16:22:20 : 请求url:https://my-test.51shouya.com/neo-api/trans-res---请求体json:[{'driverName': '218428497884121845', 'identity': 726823686372344891, 'mobileNumber': 52907922871, 'numberPlate': '皖L95984', 'regionName': '无', 'vendorCode': 'V0000001112', 'vendorName': 'qe测试专用'}]---返回码<Response [401]>
2022-05-27 16:25:53 : 请求url:http://www.baidu.com/s---请求体json:[{'page': '3297970897', 'userlist': [{'user': '8933816169', 'name': '1226132491', 'age': [{'sex': [-7, -9, 15, 4, -7, 2, -3, -13, 4, 12]}]}]}]---返回码<Response [200]>
2022-05-27 16:25:53 : 请求url:http://www.yunrong.com/d---请求体json:[{'qwe': '8151704070'}]---返回码<Response [404]>
2022-05-27 16:25:54 : 请求url:https://my-test.51shouya.com/neo-api/trans-res---请求体json:[{'driverName': '8258547719', 'identity': 747456899991250689, 'mobileNumber': 28626036844, 'numberPlate': '赣F39529', 'regionName': '无', 'vendorCode': 'V0000001112', 'vendorName': 'qe测试专用'}]---返回码<Response [401]>
2022-05-27 16:26:30 : 请求url:http://www.baidu.com/s---请求体json:[{'page': '3041943505', 'userlist': [{'user': '6908216627', 'name': '8720598522', 'age': [{'sex': [6, -7, 16, 2, -3, -1, 16, 7, 1, -14]}]}]}]---返回码<Response [200]>
2022-05-27 16:26:30 : 请求url:http://www.yunrong.com/d---请求体json:[{'qwe': '3940228635'}]---返回码<Response [404]>
2022-05-27 16:26:30 : 请求url:https://my-test.51shouya.com/neo-api/trans-res---请求体json:[{'driverName': '8058389955', 'identity': 548399158486006103, 'mobileNumber': 51834517431, 'numberPlate': '蒙F74306', 'regionName': '无', 'vendorCode': 'V0000001112', 'vendorName': 'qe测试专用'}]---返回码<Response [401]>
2022-05-27 16:52:48 : 请求url:http://www.baidu.com/s---请求体json:{'page': '[66069393260239320, 360036993153046756, 3507140066376838763]', 'userlist': {'user': '[80028127945404823, 678312241420530055, 6555551612914809073]', 'name': '[82970545048255827, 405539060149537719, 2715932823255908780]', 'age': {'sex': [10, -6, 2, -6, 9, -3, -2, 12, -2, 1]}}}---返回码<Response [200]>
2022-05-27 16:52:48 : 请求url:http://www.yunrong.com/d---请求体json:{'qwe': '[69712434159537254, 563349675908286226, 1922336635061261009]'}---返回码<Response [404]>
2022-05-27 16:52:48 : 请求url:https://my-test.51shouya.com/neo-api/trans-res---请求体json:{'driverName': '[25352074059193564, 809218498159645798, 7889754356246358279]', 'identity': [35777082911306244, 265547260851440590, 8296071758998500935], 'mobileNumber': [6963027261, 85877475594, 752871132305], 'numberPlate': '辽K66383', 'regionName': '无', 'vendorCode': 'V0000001112', 'vendorName': 'qe测试专用'}---返回码<Response [401]>
2022-05-27 17:09:47 : 请求url:http://www.baidu.com/s---请求体json:[{'page': '382328617421058754', 'userlist': [{'user': '570542814543962839', 'name': '157290439104491617', 'age': [{'sex': [3, 3, 2, -6, 4, -10, -2, 8, 3, -1]}, {'sex': [3, 3, 2, -6, 4, -10, -2, 8, 3, -1]}]}, {'user': '1142502097819863301', 'name': '1295521007662759097', 'age': [{'sex': [-4, -2, -2, 9, 7, -4, -9, 5, 7, 8]}, {'sex': [-4, -2, -2, 9, 7, -4, -9, 5, 7, 8]}]}]}, {'page': '3365925049457638465', 'userlist': [{'user': '149824216277183648', 'name': '281672673493502038', 'age': [{'sex': [12, 8, 5, 7, -1, 12, -8, 6, -3, 7]}, {'sex': [12, 8, 5, 7, -1, 12, -8, 6, -3, 7]}]}, {'user': '7239687151415819682', 'name': '4515025315737493157', 'age': [{'sex': [-4, -12, -9, 15, -8, -2, 4, 1, 9, 6]}, {'sex': [-4, -12, -9, 15, -8, -2, 4, 1, 9, 6]}]}]}]---返回码<Response [200]>
2022-05-27 17:09:47 : 请求url:http://www.yunrong.com/d---请求体json:[{'qwe': '260572505193873093'}, {'qwe': '6846833207214509042'}]---返回码<Response [404]>
2022-05-27 17:09:47 : 请求url:https://my-test.51shouya.com/neo-api/trans-res---请求体json:[{'driverName': '554496810371649338', 'identity': [17893999893359573, 140764900154528500, 9435887459562013170], 'mobileNumber': [9045207749, 12694766318, 280301166583], 'numberPlate': '鲁Y42004', 'regionName': '无', 'vendorCode': 'V0000001112', 'vendorName': 'qe测试专用'}, {'driverName': '6800862010841218653', 'identity': [17893999893359573, 140764900154528500, 9435887459562013170], 'mobileNumber': [9045207749, 12694766318, 280301166583], 'numberPlate': '鲁Y42004', 'regionName': '无', 'vendorCode': 'V0000001112', 'vendorName': 'qe测试专用'}]---返回码<Response [401]>
2022-05-27 17:14:46 : 请求url:http://www.baidu.com/s---请求体json:[{'page': '242836759853066922', 'userlist': [{'user': '233080852599249524', 'name': '948867259462331891', 'age': [{'sex': [10, -3, 6, -11, -10, -11, -7, 1, -14, -11]}, {'sex': [10, -3, 6, -11, -10, -11, -7, 1, -14, -11]}]}, {'user': '7948151967555358353', 'name': '2915791119166666310', 'age': [{'sex': [3, 4, -12, -5, -4, 10, 8, 6, -8, 0]}, {'sex': [3, 4, -12, -5, -4, 10, 8, 6, -8, 0]}]}]}, {'page': '6093442471356855600', 'userlist': [{'user': '245352615107127186', 'name': '854817180843041940', 'age': [{'sex': [-8, 7, 3, -10, 10, 3, 4, 3, 6, -3]}, {'sex': [-8, 7, 3, -10, 10, 3, 4, 3, 6, -3]}]}, {'user': '1277911004757202705', 'name': '4410466652648599009', 'age': [{'sex': [-4, 6, 3, -1, 0, 0, 9, 2, -11, 13]}, {'sex': [-4, 6, 3, -1, 0, 0, 9, 2, -11, 13]}]}]}]---返回码<Response [200]>
2022-05-27 17:14:46 : 请求url:http://www.yunrong.com/d---请求体json:[{'qwe': '385671344881832453'}, {'qwe': '9481357414893144122'}]---返回码<Response [404]>
2022-05-27 17:14:46 : 请求url:https://my-test.51shouya.com/neo-api/trans-res---请求体json:[{'driverName': '349086526419099257', 'identity': [32501298812471401, 852647862424310570, 2222430591017430598], 'mobileNumber': [4274482288, 14291349456, 960849304370], 'numberPlate': '青S75706', 'regionName': '无', 'vendorCode': 'V0000001112', 'vendorName': 'qe测试专用'}, {'driverName': '6140181311278068242', 'identity': [32501298812471401, 852647862424310570, 2222430591017430598], 'mobileNumber': [4274482288, 14291349456, 960849304370], 'numberPlate': '青S75706', 'regionName': '无', 'vendorCode': 'V0000001112', 'vendorName': 'qe测试专用'}]---返回码<Response [401]>
2022-05-27 17:16:40 : 请求url:http://www.baidu.com/s---请求体json:{'page': '[94435901821733531, 449763572763724214, 5419094775787207692]', 'userlist': {'user': '[68857257020674211, 853307753004904835, 2148169292416171200]', 'name': '[13889240448194364, 235320183183270843, 9036146314479763768]', 'age': {'sex': [9, -4, -8, 1, -7, -9, 11, 8, 10, -10]}}}---返回码<Response [200]>
2022-05-27 17:16:40 : 请求url:http://www.yunrong.com/d---请求体json:{'qwe': '[80099977481431686, 881671451211445243, 1968872075864226323]'}---返回码<Response [404]>
2022-05-27 17:16:40 : 请求url:https://my-test.51shouya.com/neo-api/trans-res---请求体json:{'driverName': '[91654870597114231, 150333382075075888, 8795899071608958924]', 'identity': [49794656771562554, 470662109782664793, 5653901464615911508], 'mobileNumber': [3498060168, 47447226373, 537588151077], 'numberPlate': '湘J02289', 'regionName': '无', 'vendorCode': 'V0000001112', 'vendorName': 'qe测试专用'}---返回码<Response [401]>
2022-05-27 17:23:32 : 请求url:http://www.baidu.com/s---请求体json:{'page': '89407515787376918', 'userlist': {'user': '714628613629279910', 'name': '832392269721381809', 'age': {'sex': [5, -7, -7, 12, 1, 2, -1, 9, -4, -6]}}}---返回码<Response [200]>
2022-05-27 17:23:32 : 请求url:http://www.yunrong.com/d---请求体json:{'qwe': '450262043820092106'}---返回码<Response [404]>
2022-05-27 17:23:32 : 请求url:https://my-test.51shouya.com/neo-api/trans-res---请求体json:{'driverName': '86903097454938433', 'identity': 860193097708568852, 'mobileNumber': 89747930542, 'numberPlate': '闽W93463', 'regionName': '无', 'vendorCode': 'V0000001112', 'vendorName': 'qe测试专用'}---返回码<Response [401]>
2022-05-27 17:38:19 : 请求url:http://www.baidu.com/s---请求体json:{'page': '[44225308871499023, 728838176361029680, 3047652571040650867]', 'userlist': {'user': '[54726029766944967, 608126045637638033, 4031823250551038968]', 'name': '[56585904358245936, 426672363139888793, 3867637474752931666]', 'age': {'sex': [-2, -1, 4, 1, -8, 15, 8, 4, -7, 9]}}}---返回码<Response [200]>
2022-05-27 17:38:19 : 请求url:http://www.yunrong.com/d---请求体json:{'qwe': '[17757859847540266, 523102435932990092, 9339335273368572248]'}---返回码<Response [404]>
2022-05-27 17:38:19 : 请求url:https://my-test.51shouya.com/neo-api/trans-res---请求体json:{'driverName': '[11999403721668167, 619740372576556141, 5039727440682242945]', 'identity': [63078913770697384, 289481010380438526, 1669562386983781154], 'mobileNumber': [7887555250, 94979708617, 898618132772], 'numberPlate': '粤B69327', 'regionName': '无', 'vendorCode': 'V0000001112', 'vendorName': 'qe测试专用'}---返回码<Response [401]>
2022-05-27 18:34:42 : 请求url:http://www.baidu.com/s---请求体json:{'page': [75569778606258789, 145945346717103603, 2833753659237719648], 'userlist': {'user': [53737369375345421, 794355245312875238, 4658263630950775085], 'name': [62918747555509397, 687902329005174305, 4264816297233608290], 'age': {'sex': [14, -12, -9, 6, 0, 16, -10, -1, -4, -2]}}}---返回码<Response [200]>
2022-05-27 18:34:43 : 请求url:http://www.yunrong.com/d---请求体json:{'qwe': [34758702711729269, 323469138158881142, 5735701829681427217]}---返回码<Response [404]>
2022-05-27 18:34:43 : 请求url:https://my-test.51shouya.com/neo-api/trans-res---请求体json:{'driverName': [76337458110069155, 285294499233114766, 5909837566729015700], 'identity': [11894393834941564, 878434813422295112, 5345876390823094256], 'mobileNumber': [7521450967, 56210874188, 566953054280], 'numberPlate': '湘T22857', 'regionName': '无', 'vendorCode': 'V0000001112', 'vendorName': 'qe测试专用'}---返回码<Response [401]>
2022-05-27 22:25:47 : 请求url:http://www.baidu.com/s---请求体json:{'page': [26226223366834419, 457199046364215095, 9394475248954492701], 'userlist': {'user': [61268431912831729, 900151877673943005, 2784396650541214206], 'name': [47365480417363797, 340467291424628900, 4307726172400013508], 'age': {'sex': [0, -13, 0, -12, 3, -2, 2, 1, 14, 6]}}}---返回码<Response [200]>
2022-05-27 22:25:48 : 请求url:http://www.yunrong.com/d---请求体json:{'qwe': [22837622318472789, 984852584882905379, 3382667537876560217]}---返回码<Response [404]>
2022-05-27 22:25:48 : 请求url:https://my-test.51shouya.com/neo-api/trans-res---请求体json:{'driverName': [25233200018714422, 539212330670204621, 9835016066212920052], 'identity': [30903041600602056, 514993986941145947, 6434877300427900277], 'mobileNumber': [9468397614, 67827783172, 586540012311], 'numberPlate': '豫R08236', 'regionName': '无', 'vendorCode': 'V0000001112', 'vendorName': 'qe测试专用'}---返回码<Response [401]>
2022-05-27 22:29:08 : 请求url:http://www.baidu.com/s---请求体json:{'page': ['50424005876501935', '699475834024275521', '7353452709346591522'], 'userlist': {'user': ['92995630389177106', '188433872432052647', '8442539107130895822'], 'name': ['83765166109641693', '225119694519063890', '5654669060763404104'], 'age': {'sex': [1, -2, 0, 2, -11, 3, 1, 5, 7, -10]}}}---返回码<Response [200]>
2022-05-27 22:29:08 : 请求url:http://www.yunrong.com/d---请求体json:{'qwe': ['54371443862167630', '262911151504485321', '4444579370459776834']}---返回码<Response [404]>
2022-05-27 22:29:58 : 请求url:http://www.baidu.com/s---请求体json:{'page': ['97208107228129453', '803972396263385041', '4206532785703081171'], 'userlist': {'user': ['24602516490564851', '156646120023288469', '4619113516787954105'], 'name': ['86326323046506272', '451926965368343777', '2324152202221333263'], 'age': {'sex': [9, 2, 6, 6, 1, 1, -13, -4, 12, 0]}}}---返回码<Response [200]>
2022-05-27 22:29:59 : 请求url:http://www.yunrong.com/d---请求体json:{'qwe': ['63969580266784874', '666583496261604551', '2874241828803510979']}---返回码<Response [404]>
2022-05-27 22:31:46 : 请求url:http://www.baidu.com/s---请求体json:{'page': ['74354170621475341', '834919252376681109', '3967183110162522151'], 'userlist': {'user': ['97895303459454485', '920457584132183696', '2443576597105813737'], 'name': ['88193786265540196', '463666546676829990', '2075564776324298153'], 'age': {'sex': [-2, 1, 0, 0, 5, 4, -3, 7, 8, -6]}}}---返回码<Response [200]>
2022-05-27 22:31:46 : 请求url:http://www.yunrong.com/d---请求体json:{'qwe': ['15657845229015866', '399154711833453840', '4498215479348318638']}---返回码<Response [404]>
2022-05-27 22:31:46 : 请求url:https://my-test.51shouya.com/neo-api/trans-res---请求体json:{'driverName': ['12359125629919535', '408375290163658663', '7496258605296227429'], 'identity': [41839883888597485, 510804805885426239, 2763335464822379550], 'mobileNumber': [5427249547, 38215389339, 119575931095], 'numberPlate': '闽V87234', 'regionName': '无', 'vendorCode': 'V0000001112', 'vendorName': 'qe测试专用'}---返回码<Response [401]>
2022-05-27 22:45:46 : 请求url:http://www.baidu.com/s---请求体json:{'page': ['45869907174935735', '619741732399162063', '9839959088873868781'], 'userlist': {'user': ['14863209362577380', '944311056402630391', '2591331758660299171'], 'name': ['23483118019197640', '169831857687711320', '9126686438034178317'], 'age': {'sex': [2, 16, 10, 9, 11, 2, 0, -3, -2, 7]}}}---返回码<Response [200]>
2022-05-27 22:53:50 : 请求url:http://www.baidu.com/s---请求体json:{'page': ['47208906754170091', '509632828625375968', '2025077260575779594'], 'userlist': {'user': ['72601754159938056', '188002210419368542', '4811825928827985759'], 'name': ['63344047972206844', '449659249044662488', '1310132751363724152'], 'age': {'sex': [8, -10, 6, -3, 9, -5, 14, 14, -1, 8]}}}---返回码200
2022-05-27 22:53:51 : 请求url:http://www.baidu.com/s---请求体json:{'page': ['47208906754170091', '509632828625375968', '2025077260575779594'], 'userlist': {'user': ['72601754159938056', '188002210419368542', '4811825928827985759'], 'name': ['63344047972206844', '449659249044662488', '1310132751363724152'], 'age': {'sex': [8, -10, 6, -3, 9, -5, 14, 14, -1, 8]}}}---返回码200
2022-05-27 22:53:51 : 请求url:http://www.baidu.com/s---请求体json:{'page': ['47208906754170091', '509632828625375968', '2025077260575779594'], 'userlist': {'user': ['72601754159938056', '188002210419368542', '4811825928827985759'], 'name': ['63344047972206844', '449659249044662488', '1310132751363724152'], 'age': {'sex': [8, -10, 6, -3, 9, -5, 14, 14, -1, 8]}}}---返回码200
2022-05-27 22:53:51 : 请求url:http://www.baidu.com/s---请求体json:{'page': ['47208906754170091', '509632828625375968', '2025077260575779594'], 'userlist': {'user': ['72601754159938056', '188002210419368542', '4811825928827985759'], 'name': ['63344047972206844', '449659249044662488', '1310132751363724152'], 'age': {'sex': [8, -10, 6, -3, 9, -5, 14, 14, -1, 8]}}}---返回码200
2022-05-27 22:53:51 : 请求url:http://www.baidu.com/s---请求体json:{'page': ['47208906754170091', '509632828625375968', '2025077260575779594'], 'userlist': {'user': ['72601754159938056', '188002210419368542', '4811825928827985759'], 'name': ['63344047972206844', '449659249044662488', '1310132751363724152'], 'age': {'sex': [8, -10, 6, -3, 9, -5, 14, 14, -1, 8]}}}---返回码200
2022-05-27 22:53:51 : 请求url:http://www.baidu.com/s---请求体json:{'page': ['47208906754170091', '509632828625375968', '2025077260575779594'], 'userlist': {'user': ['72601754159938056', '188002210419368542', '4811825928827985759'], 'name': ['63344047972206844', '449659249044662488', '1310132751363724152'], 'age': {'sex': [8, -10, 6, -3, 9, -5, 14, 14, -1, 8]}}}---返回码200
2022-05-27 22:53:51 : 请求url:http://www.baidu.com/s---请求体json:{'page': ['47208906754170091', '509632828625375968', '2025077260575779594'], 'userlist': {'user': ['72601754159938056', '188002210419368542', '4811825928827985759'], 'name': ['63344047972206844', '449659249044662488', '1310132751363724152'], 'age': {'sex': [8, -10, 6, -3, 9, -5, 14, 14, -1, 8]}}}---返回码200
2022-05-27 22:53:52 : 请求url:http://www.baidu.com/s---请求体json:{'page': ['47208906754170091', '509632828625375968', '2025077260575779594'], 'userlist': {'user': ['72601754159938056', '188002210419368542', '4811825928827985759'], 'name': ['63344047972206844', '449659249044662488', '1310132751363724152'], 'age': {'sex': [8, -10, 6, -3, 9, -5, 14, 14, -1, 8]}}}---返回码200
2022-05-27 22:53:52 : 请求url:http://www.baidu.com/s---请求体json:{'page': ['47208906754170091', '509632828625375968', '2025077260575779594'], 'userlist': {'user': ['72601754159938056', '188002210419368542', '4811825928827985759'], 'name': ['63344047972206844', '449659249044662488', '1310132751363724152'], 'age': {'sex': [8, -10, 6, -3, 9, -5, 14, 14, -1, 8]}}}---返回码200
2022-05-27 22:53:52 : 请求url:http://www.baidu.com/s---请求体json:{'page': ['47208906754170091', '509632828625375968', '2025077260575779594'], 'userlist': {'user': ['72601754159938056', '188002210419368542', '4811825928827985759'], 'name': ['63344047972206844', '449659249044662488', '1310132751363724152'], 'age': {'sex': [8, -10, 6, -3, 9, -5, 14, 14, -1, 8]}}}---返回码200
2022-05-27 22:53:52 : 请求url:http://www.baidu.com/s---请求体json:{'page': ['47208906754170091', '509632828625375968', '2025077260575779594'], 'userlist': {'user': ['72601754159938056', '188002210419368542', '4811825928827985759'], 'name': ['63344047972206844', '449659249044662488', '1310132751363724152'], 'age': {'sex': [8, -10, 6, -3, 9, -5, 14, 14, -1, 8]}}}---返回码200
2022-05-27 22:53:52 : 请求url:http://www.baidu.com/s---请求体json:{'page': ['47208906754170091', '509632828625375968', '2025077260575779594'], 'userlist': {'user': ['72601754159938056', '188002210419368542', '4811825928827985759'], 'name': ['63344047972206844', '449659249044662488', '1310132751363724152'], 'age': {'sex': [8, -10, 6, -3, 9, -5, 14, 14, -1, 8]}}}---返回码200
2022-05-27 22:53:53 : 请求url:http://www.baidu.com/s---请求体json:{'page': ['47208906754170091', '509632828625375968', '2025077260575779594'], 'userlist': {'user': ['72601754159938056', '188002210419368542', '4811825928827985759'], 'name': ['63344047972206844', '449659249044662488', '1310132751363724152'], 'age': {'sex': [8, -10, 6, -3, 9, -5, 14, 14, -1, 8]}}}---返回码200
2022-05-27 22:53:53 : 请求url:http://www.baidu.com/s---请求体json:{'page': ['47208906754170091', '509632828625375968', '2025077260575779594'], 'userlist': {'user': ['72601754159938056', '188002210419368542', '4811825928827985759'], 'name': ['63344047972206844', '449659249044662488', '1310132751363724152'], 'age': {'sex': [8, -10, 6, -3, 9, -5, 14, 14, -1, 8]}}}---返回码200
2022-05-27 22:53:53 : 请求url:http://www.baidu.com/s---请求体json:{'page': ['47208906754170091', '509632828625375968', '2025077260575779594'], 'userlist': {'user': ['72601754159938056', '188002210419368542', '4811825928827985759'], 'name': ['63344047972206844', '449659249044662488', '1310132751363724152'], 'age': {'sex': [8, -10, 6, -3, 9, -5, 14, 14, -1, 8]}}}---返回码200
2022-05-27 22:54:39 : 请求url:http://www.baidu.com/s---请求体json:{'page': ['89535390878560836', '156547377924756218', '3636991784634072478'], 'userlist': {'user': ['34329831412649554', '381539552482437676', '8594858184800128839'], 'name': ['46719235986475607', '109119295937305846', '6028657966436116466'], 'age': {'sex': [-1, 5, 5, 0, 7, 4, 7, 4, 2, -7]}}}---返回码200
2022-05-27 22:54:39 : 请求url:http://www.baidu.com/s---请求体json:{'page': ['89535390878560836', '156547377924756218', '3636991784634072478'], 'userlist': {'user': ['34329831412649554', '381539552482437676', '8594858184800128839'], 'name': ['46719235986475607', '109119295937305846', '6028657966436116466'], 'age': {'sex': [-1, 5, 5, 0, 7, 4, 7, 4, 2, -7]}}}---返回码200
2022-05-27 22:54:39 : 请求url:http://www.baidu.com/s---请求体json:{'page': ['89535390878560836', '156547377924756218', '3636991784634072478'], 'userlist': {'user': ['34329831412649554', '381539552482437676', '8594858184800128839'], 'name': ['46719235986475607', '109119295937305846', '6028657966436116466'], 'age': {'sex': [-1, 5, 5, 0, 7, 4, 7, 4, 2, -7]}}}---返回码200
2022-05-27 22:54:40 : 请求url:http://www.baidu.com/s---请求体json:{'page': ['89535390878560836', '156547377924756218', '3636991784634072478'], 'userlist': {'user': ['34329831412649554', '381539552482437676', '8594858184800128839'], 'name': ['46719235986475607', '109119295937305846', '6028657966436116466'], 'age': {'sex': [-1, 5, 5, 0, 7, 4, 7, 4, 2, -7]}}}---返回码200
2022-05-27 22:54:40 : 请求url:http://www.baidu.com/s---请求体json:{'page': ['89535390878560836', '156547377924756218', '3636991784634072478'], 'userlist': {'user': ['34329831412649554', '381539552482437676', '8594858184800128839'], 'name': ['46719235986475607', '109119295937305846', '6028657966436116466'], 'age': {'sex': [-1, 5, 5, 0, 7, 4, 7, 4, 2, -7]}}}---返回码200
2022-05-27 22:54:40 : 请求url:http://www.baidu.com/s---请求体json:{'page': ['89535390878560836', '156547377924756218', '3636991784634072478'], 'userlist': {'user': ['34329831412649554', '381539552482437676', '8594858184800128839'], 'name': ['46719235986475607', '109119295937305846', '6028657966436116466'], 'age': {'sex': [-1, 5, 5, 0, 7, 4, 7, 4, 2, -7]}}}---返回码200
2022-05-27 22:54:40 : 请求url:http://www.baidu.com/s---请求体json:{'page': ['89535390878560836', '156547377924756218', '3636991784634072478'], 'userlist': {'user': ['34329831412649554', '381539552482437676', '8594858184800128839'], 'name': ['46719235986475607', '109119295937305846', '6028657966436116466'], 'age': {'sex': [-1, 5, 5, 0, 7, 4, 7, 4, 2, -7]}}}---返回码200
2022-05-27 22:54:40 : 请求url:http://www.baidu.com/s---请求体json:{'page': ['89535390878560836', '156547377924756218', '3636991784634072478'], 'userlist': {'user': ['34329831412649554', '381539552482437676', '8594858184800128839'], 'name': ['46719235986475607', '109119295937305846', '6028657966436116466'], 'age': {'sex': [-1, 5, 5, 0, 7, 4, 7, 4, 2, -7]}}}---返回码200
2022-05-27 22:54:41 : 请求url:http://www.baidu.com/s---请求体json:{'page': ['89535390878560836', '156547377924756218', '3636991784634072478'], 'userlist': {'user': ['34329831412649554', '381539552482437676', '8594858184800128839'], 'name': ['46719235986475607', '109119295937305846', '6028657966436116466'], 'age': {'sex': [-1, 5, 5, 0, 7, 4, 7, 4, 2, -7]}}}---返回码200
2022-05-27 22:56:21 : 请求url:http://www.baidu.com/s---请求体json:{'page': '13917996544383978', 'userlist': {'user': '53371613466942453', 'name': '60307209991321231', 'age': {'sex': 4}}}---返回码200
2022-05-27 22:56:22 : 请求url:http://www.baidu.com/s---请求体json:{'page': '13917996544383978', 'userlist': {'user': '53371613466942453', 'name': '60307209991321231', 'age': {'sex': 4}}}---返回码200
2022-05-27 22:56:22 : 请求url:http://www.baidu.com/s---请求体json:{'page': '13917996544383978', 'userlist': {'user': '53371613466942453', 'name': '60307209991321231', 'age': {'sex': 8}}}---返回码200
2022-05-27 22:56:22 : 请求url:http://www.baidu.com/s---请求体json:{'page': '13917996544383978', 'userlist': {'user': '53371613466942453', 'name': '60307209991321231', 'age': {'sex': -15}}}---返回码200
2022-05-27 22:56:22 : 请求url:http://www.baidu.com/s---请求体json:{'page': '13917996544383978', 'userlist': {'user': '53371613466942453', 'name': '60307209991321231', 'age': {'sex': 10}}}---返回码200
2022-05-27 22:56:22 : 请求url:http://www.baidu.com/s---请求体json:{'page': '13917996544383978', 'userlist': {'user': '53371613466942453', 'name': '60307209991321231', 'age': {'sex': 4}}}---返回码200
2022-05-27 22:56:23 : 请求url:http://www.baidu.com/s---请求体json:{'page': '13917996544383978', 'userlist': {'user': '53371613466942453', 'name': '60307209991321231', 'age': {'sex': 10}}}---返回码200
2022-05-27 22:56:23 : 请求url:http://www.baidu.com/s---请求体json:{'page': '13917996544383978', 'userlist': {'user': '53371613466942453', 'name': '60307209991321231', 'age': {'sex': -4}}}---返回码200
2022-05-27 22:56:23 : 请求url:http://www.baidu.com/s---请求体json:{'page': '13917996544383978', 'userlist': {'user': '53371613466942453', 'name': '60307209991321231', 'age': {'sex': 9}}}---返回码200
2022-05-27 22:56:23 : 请求url:http://www.baidu.com/s---请求体json:{'page': '13917996544383978', 'userlist': {'user': '53371613466942453', 'name': '60307209991321231', 'age': {'sex': -11}}}---返回码200
2022-05-27 22:58:20 : 请求url:http://www.baidu.com/s---请求体json:{'page': '20658405760429823', 'userlist': {'user': '66434870351251679', 'name': '77143238439709033', 'age': {'sex': '12912132081327539'}}}---返回码200
2022-05-27 22:58:20 : 请求url:http://www.baidu.com/s---请求体json:{'page': '20658405760429823', 'userlist': {'user': '66434870351251679', 'name': '77143238439709033', 'age': {'sex': '671529030533265977'}}}---返回码200
2022-05-27 22:58:20 : 请求url:http://www.baidu.com/s---请求体json:{'page': '20658405760429823', 'userlist': {'user': '66434870351251679', 'name': '77143238439709033', 'age': {'sex': '6702615418665626993'}}}---返回码200
2022-05-27 22:58:20 : 请求url:http://www.baidu.com/s---请求体json:{'page': '20658405760429823', 'userlist': {'user': '66434870351251679', 'name': '484591263050471410', 'age': {'sex': '12912132081327539'}}}---返回码200
2022-05-27 22:58:20 : 请求url:http://www.baidu.com/s---请求体json:{'page': '20658405760429823', 'userlist': {'user': '66434870351251679', 'name': '484591263050471410', 'age': {'sex': '671529030533265977'}}}---返回码200
2022-05-27 22:58:21 : 请求url:http://www.baidu.com/s---请求体json:{'page': '20658405760429823', 'userlist': {'user': '66434870351251679', 'name': '484591263050471410', 'age': {'sex': '6702615418665626993'}}}---返回码200
2022-05-27 22:58:21 : 请求url:http://www.baidu.com/s---请求体json:{'page': '20658405760429823', 'userlist': {'user': '66434870351251679', 'name': '8919641588114036997', 'age': {'sex': '12912132081327539'}}}---返回码200
2022-05-27 22:58:21 : 请求url:http://www.baidu.com/s---请求体json:{'page': '20658405760429823', 'userlist': {'user': '66434870351251679', 'name': '8919641588114036997', 'age': {'sex': '671529030533265977'}}}---返回码200
2022-05-27 22:58:21 : 请求url:http://www.baidu.com/s---请求体json:{'page': '20658405760429823', 'userlist': {'user': '66434870351251679', 'name': '8919641588114036997', 'age': {'sex': '6702615418665626993'}}}---返回码200
2022-05-27 22:58:21 : 请求url:http://www.baidu.com/s---请求体json:{'page': '20658405760429823', 'userlist': {'user': '484099153739608243', 'name': '77143238439709033', 'age': {'sex': '12912132081327539'}}}---返回码200
2022-05-27 22:58:22 : 请求url:http://www.baidu.com/s---请求体json:{'page': '20658405760429823', 'userlist': {'user': '484099153739608243', 'name': '77143238439709033', 'age': {'sex': '671529030533265977'}}}---返回码200
2022-05-27 22:58:22 : 请求url:http://www.baidu.com/s---请求体json:{'page': '20658405760429823', 'userlist': {'user': '484099153739608243', 'name': '77143238439709033', 'age': {'sex': '6702615418665626993'}}}---返回码200
2022-05-27 22:58:22 : 请求url:http://www.baidu.com/s---请求体json:{'page': '20658405760429823', 'userlist': {'user': '484099153739608243', 'name': '484591263050471410', 'age': {'sex': '12912132081327539'}}}---返回码200
2022-06-02 19:19:13 : 请求url:http://www.baidu.com/s---请求体json:{'page': '97674312281412848', 'userlist': {'user': '20170436040760053', 'name': '12020515047328618', 'age': {'sex': '47497003469963921'}}}---返回码200
2022-06-02 19:19:13 : 请求url:http://www.baidu.com/s---请求体json:{'page': '97674312281412848', 'userlist': {'user': '20170436040760053', 'name': '12020515047328618', 'age': {'sex': '621975860098690481'}}}---返回码200
2022-06-02 19:19:13 : 请求url:http://www.baidu.com/s---请求体json:{'page': '97674312281412848', 'userlist': {'user': '20170436040760053', 'name': '12020515047328618', 'age': {'sex': '8471245557718415839'}}}---返回码200
2022-06-02 19:19:13 : 请求url:http://www.baidu.com/s---请求体json:{'page': '97674312281412848', 'userlist': {'user': '20170436040760053', 'name': '740711674643028563', 'age': {'sex': '47497003469963921'}}}---返回码200
2022-06-02 19:19:13 : 请求url:http://www.baidu.com/s---请求体json:{'page': '97674312281412848', 'userlist': {'user': '20170436040760053', 'name': '740711674643028563', 'age': {'sex': '621975860098690481'}}}---返回码200
2022-06-02 19:19:13 : 请求url:http://www.baidu.com/s---请求体json:{'page': '97674312281412848', 'userlist': {'user': '20170436040760053', 'name': '740711674643028563', 'age': {'sex': '8471245557718415839'}}}---返回码200
2022-06-02 19:19:14 : 请求url:http://www.baidu.com/s---请求体json:{'page': '97674312281412848', 'userlist': {'user': '20170436040760053', 'name': '7444578840222149872', 'age': {'sex': '47497003469963921'}}}---返回码200
2022-06-02 19:19:14 : 请求url:http://www.baidu.com/s---请求体json:{'page': '97674312281412848', 'userlist': {'user': '20170436040760053', 'name': '7444578840222149872', 'age': {'sex': '621975860098690481'}}}---返回码200
2022-06-02 19:19:14 : 请求url:http://www.baidu.com/s---请求体json:{'page': '97674312281412848', 'userlist': {'user': '20170436040760053', 'name': '7444578840222149872', 'age': {'sex': '8471245557718415839'}}}---返回码200
2022-06-02 19:19:14 : 请求url:http://www.baidu.com/s---请求体json:{'page': '97674312281412848', 'userlist': {'user': '603684866461103788', 'name': '12020515047328618', 'age': {'sex': '47497003469963921'}}}---返回码200
2022-06-02 19:19:14 : 请求url:http://www.baidu.com/s---请求体json:{'page': '97674312281412848', 'userlist': {'user': '603684866461103788', 'name': '12020515047328618', 'age': {'sex': '621975860098690481'}}}---返回码200
2022-06-02 19:30:21 : 请求url:http://www.baidu.com/s---请求体json:{'page': '23106777964643706', 'userlist': {'user': '55179709839517849', 'name': '70270108583727877', 'age': {'sex': '49313024502252166'}}}---返回码200
2022-06-02 19:30:21 : 请求url:http://www.baidu.com/s---请求体json:{'page': '23106777964643706', 'userlist': {'user': '55179709839517849', 'name': '70270108583727877', 'age': {'sex': '967630454939723868'}}}---返回码200
2022-06-02 19:30:22 : 请求url:http://www.baidu.com/s---请求体json:{'page': '23106777964643706', 'userlist': {'user': '55179709839517849', 'name': '70270108583727877', 'age': {'sex': '5837553501114240343'}}}---返回码200
2022-06-02 19:30:22 : 请求url:http://www.baidu.com/s---请求体json:{'page': '23106777964643706', 'userlist': {'user': '55179709839517849', 'name': '192306914937098551', 'age': {'sex': '49313024502252166'}}}---返回码200
2022-06-02 19:30:22 : 请求url:http://www.baidu.com/s---请求体json:{'page': '23106777964643706', 'userlist': {'user': '55179709839517849', 'name': '192306914937098551', 'age': {'sex': '967630454939723868'}}}---返回码200
2022-06-02 19:30:22 : 请求url:http://www.baidu.com/s---请求体json:{'page': '23106777964643706', 'userlist': {'user': '55179709839517849', 'name': '192306914937098551', 'age': {'sex': '5837553501114240343'}}}---返回码200
2022-06-02 19:30:22 : 请求url:http://www.baidu.com/s---请求体json:{'page': '23106777964643706', 'userlist': {'user': '55179709839517849', 'name': '7215964672625746328', 'age': {'sex': '49313024502252166'}}}---返回码200
2022-06-02 19:30:23 : 请求url:http://www.baidu.com/s---请求体json:{'page': '23106777964643706', 'userlist': {'user': '55179709839517849', 'name': '7215964672625746328', 'age': {'sex': '967630454939723868'}}}---返回码200
2022-06-02 19:30:23 : 请求url:http://www.baidu.com/s---请求体json:{'page': '23106777964643706', 'userlist': {'user': '55179709839517849', 'name': '7215964672625746328', 'age': {'sex': '5837553501114240343'}}}---返回码200
2022-06-02 19:33:35 : 请求url:http://www.baidu.com/s---请求体json:{'page': '71891993415725240', 'userlist': {'user': '97844141527383525', 'name': '22140241006847310', 'age': {'sex': '44226621676244179'}}}---返回码200
2022-06-02 19:33:35 : 请求url:http://www.baidu.com/s---请求体json:{'page': '71891993415725240', 'userlist': {'user': '97844141527383525', 'name': '22140241006847310', 'age': {'sex': '224832685588872246'}}}---返回码200
2022-06-02 19:33:35 : 请求url:http://www.baidu.com/s---请求体json:{'page': '71891993415725240', 'userlist': {'user': '97844141527383525', 'name': '22140241006847310', 'age': {'sex': '7173042724384727694'}}}---返回码200
2022-06-02 19:33:35 : 请求url:http://www.baidu.com/s---请求体json:{'page': '71891993415725240', 'userlist': {'user': '97844141527383525', 'name': '616706232874360102', 'age': {'sex': '44226621676244179'}}}---返回码200
2022-06-02 19:33:35 : 请求url:http://www.baidu.com/s---请求体json:{'page': '71891993415725240', 'userlist': {'user': '97844141527383525', 'name': '616706232874360102', 'age': {'sex': '224832685588872246'}}}---返回码200
2022-06-02 19:33:36 : 请求url:http://www.baidu.com/s---请求体json:{'page': '71891993415725240', 'userlist': {'user': '97844141527383525', 'name': '616706232874360102', 'age': {'sex': '7173042724384727694'}}}---返回码200
2022-06-02 19:33:36 : 请求url:http://www.baidu.com/s---请求体json:{'page': '71891993415725240', 'userlist': {'user': '97844141527383525', 'name': '6887105900270335640', 'age': {'sex': '44226621676244179'}}}---返回码200
2022-06-02 19:33:36 : 请求url:http://www.baidu.com/s---请求体json:{'page': '71891993415725240', 'userlist': {'user': '97844141527383525', 'name': '6887105900270335640', 'age': {'sex': '224832685588872246'}}}---返回码200
2022-06-02 19:33:36 : 请求url:http://www.baidu.com/s---请求体json:{'page': '71891993415725240', 'userlist': {'user': '97844141527383525', 'name': '6887105900270335640', 'age': {'sex': '7173042724384727694'}}}---返回码200
2022-06-02 19:37:53 : 请求url:http://www.baidu.com/s---请求体json:{'page': '96111529151759515', 'userlist': {'user': '34421206151967343', 'name': '81999318685275408', 'age': {'sex': '87438614396117439'}}}---返回码200
2022-06-02 19:37:54 : 请求url:http://www.baidu.com/s---请求体json:{'page': '96111529151759515', 'userlist': {'user': '34421206151967343', 'name': '81999318685275408', 'age': {'sex': '789641927992563970'}}}---返回码200
2022-06-02 19:37:54 : 请求url:http://www.baidu.com/s---请求体json:{'page': '96111529151759515', 'userlist': {'user': '34421206151967343', 'name': '81999318685275408', 'age': {'sex': '8229257062171284613'}}}---返回码200
2022-06-02 19:37:54 : 请求url:http://www.baidu.com/s---请求体json:{'page': '96111529151759515', 'userlist': {'user': '34421206151967343', 'name': '224856990675262339', 'age': {'sex': '87438614396117439'}}}---返回码200
2022-06-02 19:37:54 : 请求url:http://www.baidu.com/s---请求体json:{'page': '96111529151759515', 'userlist': {'user': '34421206151967343', 'name': '224856990675262339', 'age': {'sex': '789641927992563970'}}}---返回码200
2022-06-02 19:37:54 : 请求url:http://www.baidu.com/s---请求体json:{'page': '96111529151759515', 'userlist': {'user': '34421206151967343', 'name': '224856990675262339', 'age': {'sex': '8229257062171284613'}}}---返回码200
2022-06-02 19:37:54 : 请求url:http://www.baidu.com/s---请求体json:{'page': '96111529151759515', 'userlist': {'user': '34421206151967343', 'name': '1016332878546362343', 'age': {'sex': '87438614396117439'}}}---返回码200
2022-06-02 19:37:55 : 请求url:http://www.baidu.com/s---请求体json:{'page': '96111529151759515', 'userlist': {'user': '34421206151967343', 'name': '1016332878546362343', 'age': {'sex': '789641927992563970'}}}---返回码200
2022-06-02 19:37:55 : 请求url:http://www.baidu.com/s---请求体json:{'page': '96111529151759515', 'userlist': {'user': '34421206151967343', 'name': '1016332878546362343', 'age': {'sex': '8229257062171284613'}}}---返回码200
2022-06-02 19:37:55 : 请求url:http://www.baidu.com/s---请求体json:{'page': '96111529151759515', 'userlist': {'user': '679448703269436514', 'name': '81999318685275408', 'age': {'sex': '87438614396117439'}}}---返回码200
2022-06-02 19:37:55 : 请求url:http://www.baidu.com/s---请求体json:{'page': '96111529151759515', 'userlist': {'user': '679448703269436514', 'name': '81999318685275408', 'age': {'sex': '789641927992563970'}}}---返回码200
2022-06-02 19:37:55 : 请求url:http://www.baidu.com/s---请求体json:{'page': '96111529151759515', 'userlist': {'user': '679448703269436514', 'name': '81999318685275408', 'age': {'sex': '8229257062171284613'}}}---返回码200
2022-06-02 19:37:55 : 请求url:http://www.baidu.com/s---请求体json:{'page': '96111529151759515', 'userlist': {'user': '679448703269436514', 'name': '224856990675262339', 'age': {'sex': '87438614396117439'}}}---返回码200
2022-06-02 19:37:56 : 请求url:http://www.baidu.com/s---请求体json:{'page': '96111529151759515', 'userlist': {'user': '679448703269436514', 'name': '224856990675262339', 'age': {'sex': '789641927992563970'}}}---返回码200
2022-06-02 19:37:56 : 请求url:http://www.baidu.com/s---请求体json:{'page': '96111529151759515', 'userlist': {'user': '679448703269436514', 'name': '224856990675262339', 'age': {'sex': '8229257062171284613'}}}---返回码200
2022-06-02 19:37:56 : 请求url:http://www.baidu.com/s---请求体json:{'page': '96111529151759515', 'userlist': {'user': '679448703269436514', 'name': '1016332878546362343', 'age': {'sex': '87438614396117439'}}}---返回码200
2022-06-02 19:37:56 : 请求url:http://www.baidu.com/s---请求体json:{'page': '96111529151759515', 'userlist': {'user': '679448703269436514', 'name': '1016332878546362343', 'age': {'sex': '789641927992563970'}}}---返回码200
2022-06-02 19:37:56 : 请求url:http://www.baidu.com/s---请求体json:{'page': '96111529151759515', 'userlist': {'user': '679448703269436514', 'name': '1016332878546362343', 'age': {'sex': '8229257062171284613'}}}---返回码200
2022-06-02 19:37:56 : 请求url:http://www.baidu.com/s---请求体json:{'page': '96111529151759515', 'userlist': {'user': '8123910176657381765', 'name': '81999318685275408', 'age': {'sex': '87438614396117439'}}}---返回码200
2022-06-02 19:37:57 : 请求url:http://www.baidu.com/s---请求体json:{'page': '96111529151759515', 'userlist': {'user': '8123910176657381765', 'name': '81999318685275408', 'age': {'sex': '789641927992563970'}}}---返回码200
2022-06-02 19:37:57 : 请求url:http://www.baidu.com/s---请求体json:{'page': '96111529151759515', 'userlist': {'user': '8123910176657381765', 'name': '81999318685275408', 'age': {'sex': '8229257062171284613'}}}---返回码200
2022-06-02 19:37:57 : 请求url:http://www.baidu.com/s---请求体json:{'page': '96111529151759515', 'userlist': {'user': '8123910176657381765', 'name': '224856990675262339', 'age': {'sex': '87438614396117439'}}}---返回码200
2022-06-02 19:37:57 : 请求url:http://www.baidu.com/s---请求体json:{'page': '96111529151759515', 'userlist': {'user': '8123910176657381765', 'name': '224856990675262339', 'age': {'sex': '789641927992563970'}}}---返回码200
2022-06-02 19:37:57 : 请求url:http://www.baidu.com/s---请求体json:{'page': '96111529151759515', 'userlist': {'user': '8123910176657381765', 'name': '224856990675262339', 'age': {'sex': '8229257062171284613'}}}---返回码200
2022-06-02 21:42:08 : 请求url:http://www.baidu.com/s---请求体json:{'page': '41285042281313040', 'userlist': {'user': '69855513445244852', 'name': '18312384898543828', 'age': {'sex': '75708685920337578'}}}---返回码200
2022-06-02 21:42:08 : 请求url:http://www.baidu.com/s---请求体json:{'page': '41285042281313040', 'userlist': {'user': '69855513445244852', 'name': '18312384898543828', 'age': {'sex': '638768304972240547'}}}---返回码200
2022-06-02 21:42:08 : 请求url:http://www.baidu.com/s---请求体json:{'page': '41285042281313040', 'userlist': {'user': '69855513445244852', 'name': '18312384898543828', 'age': {'sex': '6652766147448099337'}}}---返回码200
2022-06-02 21:42:09 : 请求url:http://www.baidu.com/s---请求体json:{'page': '41285042281313040', 'userlist': {'user': '69855513445244852', 'name': '473483426333243878', 'age': {'sex': '75708685920337578'}}}---返回码200
2022-06-02 21:42:09 : 请求url:http://www.baidu.com/s---请求体json:{'page': '41285042281313040', 'userlist': {'user': '69855513445244852', 'name': '473483426333243878', 'age': {'sex': '638768304972240547'}}}---返回码200
2022-06-02 21:42:09 : 请求url:http://www.baidu.com/s---请求体json:{'page': '41285042281313040', 'userlist': {'user': '69855513445244852', 'name': '473483426333243878', 'age': {'sex': '6652766147448099337'}}}---返回码200
2022-06-02 21:42:09 : 请求url:http://www.baidu.com/s---请求体json:{'page': '41285042281313040', 'userlist': {'user': '69855513445244852', 'name': '6307833196613624068', 'age': {'sex': '75708685920337578'}}}---返回码200
2022-06-02 21:42:09 : 请求url:http://www.baidu.com/s---请求体json:{'page': '41285042281313040', 'userlist': {'user': '69855513445244852', 'name': '6307833196613624068', 'age': {'sex': '638768304972240547'}}}---返回码200
2022-06-02 22:02:35 : 请求url:http://www.baidu.com/s---请求体json:{'page': '43525221655053439', 'userlist': {'user': '95034645962017238', 'name': '94229621830262743', 'age': {'sex': '88303722844214051'}}}---返回码200
2022-06-02 22:02:35 : 请求url:http://www.baidu.com/s---请求体json:{'page': '43525221655053439', 'userlist': {'user': '95034645962017238', 'name': '94229621830262743', 'age': {'sex': '253382067858846513'}}}---返回码200
2022-06-02 22:02:36 : 请求url:http://www.baidu.com/s---请求体json:{'page': '43525221655053439', 'userlist': {'user': '95034645962017238', 'name': '94229621830262743', 'age': {'sex': '7353990759979252051'}}}---返回码200
2022-06-02 22:02:36 : 请求url:http://www.baidu.com/s---请求体json:{'page': '43525221655053439', 'userlist': {'user': '95034645962017238', 'name': '666145264586159837', 'age': {'sex': '88303722844214051'}}}---返回码200
2022-06-02 22:02:36 : 请求url:http://www.baidu.com/s---请求体json:{'page': '43525221655053439', 'userlist': {'user': '95034645962017238', 'name': '666145264586159837', 'age': {'sex': '253382067858846513'}}}---返回码200
2022-06-02 22:02:36 : 请求url:http://www.baidu.com/s---请求体json:{'page': '43525221655053439', 'userlist': {'user': '95034645962017238', 'name': '666145264586159837', 'age': {'sex': '7353990759979252051'}}}---返回码200
2022-06-02 22:02:36 : 请求url:http://www.baidu.com/s---请求体json:{'page': '43525221655053439', 'userlist': {'user': '95034645962017238', 'name': '4737897469290809402', 'age': {'sex': '88303722844214051'}}}---返回码200
2022-06-02 22:02:37 : 请求url:http://www.baidu.com/s---请求体json:{'page': '43525221655053439', 'userlist': {'user': '95034645962017238', 'name': '4737897469290809402', 'age': {'sex': '253382067858846513'}}}---返回码200
2022-06-02 22:02:37 : 请求url:http://www.baidu.com/s---请求体json:{'page': '43525221655053439', 'userlist': {'user': '95034645962017238', 'name': '4737897469290809402', 'age': {'sex': '7353990759979252051'}}}---返回码200
2022-06-02 22:02:37 : 请求url:http://www.baidu.com/s---请求体json:{'page': '43525221655053439', 'userlist': {'user': '181009925601654059', 'name': '94229621830262743', 'age': {'sex': '88303722844214051'}}}---返回码200
2022-06-02 22:02:37 : 请求url:http://www.baidu.com/s---请求体json:{'page': '43525221655053439', 'userlist': {'user': '181009925601654059', 'name': '94229621830262743', 'age': {'sex': '253382067858846513'}}}---返回码200
2022-06-02 22:04:34 : 请求url:http://www.baidu.com/s---请求体json:{'page': '54321043080735582', 'userlist': {'user': '79136312968243868', 'name': '90220191015890775', 'age': {'sex': '79099129382788204'}}}---返回码200
2022-06-02 22:04:34 : 请求url:http://www.baidu.com/s---请求体json:{'page': '54321043080735582', 'userlist': {'user': '79136312968243868', 'name': '90220191015890775', 'age': {'sex': '919893899205587548'}}}---返回码200
2022-06-02 22:04:34 : 请求url:http://www.baidu.com/s---请求体json:{'page': '54321043080735582', 'userlist': {'user': '79136312968243868', 'name': '90220191015890775', 'age': {'sex': '1663035253769707827'}}}---返回码200
2022-06-02 22:04:34 : 请求url:http://www.baidu.com/s---请求体json:{'page': '54321043080735582', 'userlist': {'user': '79136312968243868', 'name': '712623517074163724', 'age': {'sex': '79099129382788204'}}}---返回码200
2022-06-02 22:04:34 : 请求url:http://www.baidu.com/s---请求体json:{'page': '54321043080735582', 'userlist': {'user': '79136312968243868', 'name': '712623517074163724', 'age': {'sex': '919893899205587548'}}}---返回码200
2022-06-02 22:04:35 : 请求url:http://www.baidu.com/s---请求体json:{'page': '54321043080735582', 'userlist': {'user': '79136312968243868', 'name': '712623517074163724', 'age': {'sex': '1663035253769707827'}}}---返回码200
2022-06-02 22:04:35 : 请求url:http://www.baidu.com/s---请求体json:{'page': '54321043080735582', 'userlist': {'user': '79136312968243868', 'name': '2927322752575158727', 'age': {'sex': '79099129382788204'}}}---返回码200
2022-06-02 22:04:35 : 请求url:http://www.baidu.com/s---请求体json:{'page': '54321043080735582', 'userlist': {'user': '79136312968243868', 'name': '2927322752575158727', 'age': {'sex': '919893899205587548'}}}---返回码200
2022-06-02 22:06:38 : 请求url:http://www.baidu.com/s---请求体json:{'page': '46420438446436317', 'userlist': {}}---返回码200
2022-06-02 22:06:38 : 请求url:http://www.baidu.com/s---请求体json:{'page': '230697180459276408', 'userlist': {}}---返回码200
2022-06-02 22:06:38 : 请求url:http://www.baidu.com/s---请求体json:{'page': '9902098371362745896', 'userlist': {}}---返回码200
2022-06-02 22:07:05 : 请求url:http://www.baidu.com/s---请求体json:{'page': '61762762147858417', 'userlist': {}}---返回码200
2022-06-02 22:07:05 : 请求url:http://www.baidu.com/s---请求体json:{'page': '692514513132994150', 'userlist': {}}---返回码200
2022-06-02 22:07:05 : 请求url:http://www.baidu.com/s---请求体json:{'page': '4115376834715677972', 'userlist': {}}---返回码200
2022-06-02 22:10:32 : 请求url:http://www.baidu.com/s---请求体json:{'page': '64339991407646584', 'userlist': {}}---返回码200
2022-06-02 22:10:32 : 请求url:http://www.baidu.com/s---请求体json:{'page': '365105127287957309', 'userlist': {}}---返回码200
2022-06-02 22:10:32 : 请求url:http://www.baidu.com/s---请求体json:{'page': '4093703005248906865', 'userlist': {}}---返回码200
2022-06-02 22:13:33 : 请求url:http://www.baidu.com/s---请求体json:{'page': '84089545593896715', 'userlist': {'user': '81668640923872951', 'name': '32041599352761619', 'age': {'sex': '34844655775548334'}}}---返回码200
2022-06-02 22:13:33 : 请求url:http://www.baidu.com/s---请求体json:{'page': '84089545593896715', 'userlist': {'user': '81668640923872951', 'name': '32041599352761619', 'age': {'sex': '579034586841831591'}}}---返回码200
2022-06-02 22:13:34 : 请求url:http://www.baidu.com/s---请求体json:{'page': '84089545593896715', 'userlist': {'user': '81668640923872951', 'name': '32041599352761619', 'age': {'sex': '5968325540813734824'}}}---返回码200
2022-06-02 22:13:34 : 请求url:http://www.baidu.com/s---请求体json:{'page': '84089545593896715', 'userlist': {'user': '81668640923872951', 'name': '313629657155628683', 'age': {'sex': '34844655775548334'}}}---返回码200
2022-06-02 22:13:34 : 请求url:http://www.baidu.com/s---请求体json:{'page': '84089545593896715', 'userlist': {'user': '81668640923872951', 'name': '313629657155628683', 'age': {'sex': '579034586841831591'}}}---返回码200
2022-06-02 22:13:34 : 请求url:http://www.baidu.com/s---请求体json:{'page': '84089545593896715', 'userlist': {'user': '81668640923872951', 'name': '313629657155628683', 'age': {'sex': '5968325540813734824'}}}---返回码200
2022-06-02 22:13:34 : 请求url:http://www.baidu.com/s---请求体json:{'page': '84089545593896715', 'userlist': {'user': '81668640923872951', 'name': '1696806157968056013', 'age': {'sex': '34844655775548334'}}}---返回码200
2022-06-02 22:13:35 : 请求url:http://www.baidu.com/s---请求体json:{'page': '84089545593896715', 'userlist': {'user': '81668640923872951', 'name': '1696806157968056013', 'age': {'sex': '579034586841831591'}}}---返回码200
2022-06-02 22:13:35 : 请求url:http://www.baidu.com/s---请求体json:{'page': '84089545593896715', 'userlist': {'user': '81668640923872951', 'name': '1696806157968056013', 'age': {'sex': '5968325540813734824'}}}---返回码200
2022-06-02 22:13:35 : 请求url:http://www.baidu.com/s---请求体json:{'page': '84089545593896715', 'userlist': {'user': '627917225853792107', 'name': '32041599352761619', 'age': {'sex': '34844655775548334'}}}---返回码200
2022-06-02 22:13:35 : 请求url:http://www.baidu.com/s---请求体json:{'page': '84089545593896715', 'userlist': {'user': '627917225853792107', 'name': '32041599352761619', 'age': {'sex': '579034586841831591'}}}---返回码200
2022-06-02 22:13:35 : 请求url:http://www.baidu.com/s---请求体json:{'page': '84089545593896715', 'userlist': {'user': '627917225853792107', 'name': '32041599352761619', 'age': {'sex': '5968325540813734824'}}}---返回码200
2022-06-02 22:13:35 : 请求url:http://www.baidu.com/s---请求体json:{'page': '84089545593896715', 'userlist': {'user': '627917225853792107', 'name': '313629657155628683', 'age': {'sex': '34844655775548334'}}}---返回码200
2022-06-02 22:13:35 : 请求url:http://www.baidu.com/s---请求体json:{'page': '84089545593896715', 'userlist': {'user': '627917225853792107', 'name': '313629657155628683', 'age': {'sex': '579034586841831591'}}}---返回码200
2022-06-02 22:13:36 : 请求url:http://www.baidu.com/s---请求体json:{'page': '84089545593896715', 'userlist': {'user': '627917225853792107', 'name': '313629657155628683', 'age': {'sex': '5968325540813734824'}}}---返回码200
2022-06-02 22:13:36 : 请求url:http://www.baidu.com/s---请求体json:{'page': '84089545593896715', 'userlist': {'user': '627917225853792107', 'name': '1696806157968056013', 'age': {'sex': '34844655775548334'}}}---返回码200
2022-06-02 22:13:36 : 请求url:http://www.baidu.com/s---请求体json:{'page': '84089545593896715', 'userlist': {'user': '627917225853792107', 'name': '1696806157968056013', 'age': {'sex': '579034586841831591'}}}---返回码200
2022-06-02 22:13:36 : 请求url:http://www.baidu.com/s---请求体json:{'page': '84089545593896715', 'userlist': {'user': '627917225853792107', 'name': '1696806157968056013', 'age': {'sex': '5968325540813734824'}}}---返回码200
2022-06-02 22:13:36 : 请求url:http://www.baidu.com/s---请求体json:{'page': '84089545593896715', 'userlist': {'user': '2840163353813341779', 'name': '32041599352761619', 'age': {'sex': '34844655775548334'}}}---返回码200
2022-06-02 22:13:36 : 请求url:http://www.baidu.com/s---请求体json:{'page': '84089545593896715', 'userlist': {'user': '2840163353813341779', 'name': '32041599352761619', 'age': {'sex': '579034586841831591'}}}---返回码200
2022-06-02 22:13:37 : 请求url:http://www.baidu.com/s---请求体json:{'page': '84089545593896715', 'userlist': {'user': '2840163353813341779', 'name': '32041599352761619', 'age': {'sex': '5968325540813734824'}}}---返回码200
2022-06-02 22:13:37 : 请求url:http://www.baidu.com/s---请求体json:{'page': '84089545593896715', 'userlist': {'user': '2840163353813341779', 'name': '313629657155628683', 'age': {'sex': '34844655775548334'}}}---返回码200
2022-06-02 22:13:37 : 请求url:http://www.baidu.com/s---请求体json:{'page': '84089545593896715', 'userlist': {'user': '2840163353813341779', 'name': '313629657155628683', 'age': {'sex': '579034586841831591'}}}---返回码200
2022-06-02 22:13:37 : 请求url:http://www.baidu.com/s---请求体json:{'page': '84089545593896715', 'userlist': {'user': '2840163353813341779', 'name': '313629657155628683', 'age': {'sex': '5968325540813734824'}}}---返回码200
2022-06-02 22:13:37 : 请求url:http://www.baidu.com/s---请求体json:{'page': '84089545593896715', 'userlist': {'user': '2840163353813341779', 'name': '1696806157968056013', 'age': {'sex': '34844655775548334'}}}---返回码200
2022-06-02 22:13:37 : 请求url:http://www.baidu.com/s---请求体json:{'page': '84089545593896715', 'userlist': {'user': '2840163353813341779', 'name': '1696806157968056013', 'age': {'sex': '579034586841831591'}}}---返回码200
2022-06-02 22:13:37 : 请求url:http://www.baidu.com/s---请求体json:{'page': '84089545593896715', 'userlist': {'user': '2840163353813341779', 'name': '1696806157968056013', 'age': {'sex': '5968325540813734824'}}}---返回码200
2022-06-02 22:13:38 : 请求url:http://www.baidu.com/s---请求体json:{'page': '137508369422244894', 'userlist': {'user': '81668640923872951', 'name': '32041599352761619', 'age': {'sex': '34844655775548334'}}}---返回码200
2022-06-02 22:13:38 : 请求url:http://www.baidu.com/s---请求体json:{'page': '137508369422244894', 'userlist': {'user': '81668640923872951', 'name': '32041599352761619', 'age': {'sex': '579034586841831591'}}}---返回码200
2022-06-02 22:13:38 : 请求url:http://www.baidu.com/s---请求体json:{'page': '137508369422244894', 'userlist': {'user': '81668640923872951', 'name': '32041599352761619', 'age': {'sex': '5968325540813734824'}}}---返回码200
2022-06-02 22:13:38 : 请求url:http://www.baidu.com/s---请求体json:{'page': '137508369422244894', 'userlist': {'user': '81668640923872951', 'name': '313629657155628683', 'age': {'sex': '34844655775548334'}}}---返回码200
2022-06-02 22:13:38 : 请求url:http://www.baidu.com/s---请求体json:{'page': '137508369422244894', 'userlist': {'user': '81668640923872951', 'name': '313629657155628683', 'age': {'sex': '579034586841831591'}}}---返回码200
2022-06-02 22:13:38 : 请求url:http://www.baidu.com/s---请求体json:{'page': '137508369422244894', 'userlist': {'user': '81668640923872951', 'name': '313629657155628683', 'age': {'sex': '5968325540813734824'}}}---返回码200
2022-06-02 22:13:39 : 请求url:http://www.baidu.com/s---请求体json:{'page': '137508369422244894', 'userlist': {'user': '81668640923872951', 'name': '1696806157968056013', 'age': {'sex': '34844655775548334'}}}---返回码200
2022-06-02 22:13:39 : 请求url:http://www.baidu.com/s---请求体json:{'page': '137508369422244894', 'userlist': {'user': '81668640923872951', 'name': '1696806157968056013', 'age': {'sex': '579034586841831591'}}}---返回码200
2022-06-02 22:13:39 : 请求url:http://www.baidu.com/s---请求体json:{'page': '137508369422244894', 'userlist': {'user': '81668640923872951', 'name': '1696806157968056013', 'age': {'sex': '5968325540813734824'}}}---返回码200
2022-06-02 22:13:39 : 请求url:http://www.baidu.com/s---请求体json:{'page': '137508369422244894', 'userlist': {'user': '627917225853792107', 'name': '32041599352761619', 'age': {'sex': '34844655775548334'}}}---返回码200
2022-06-02 22:13:39 : 请求url:http://www.baidu.com/s---请求体json:{'page': '137508369422244894', 'userlist': {'user': '627917225853792107', 'name': '32041599352761619', 'age': {'sex': '579034586841831591'}}}---返回码200
2022-06-02 22:13:40 : 请求url:http://www.baidu.com/s---请求体json:{'page': '137508369422244894', 'userlist': {'user': '627917225853792107', 'name': '32041599352761619', 'age': {'sex': '5968325540813734824'}}}---返回码200
2022-06-02 22:13:40 : 请求url:http://www.baidu.com/s---请求体json:{'page': '137508369422244894', 'userlist': {'user': '627917225853792107', 'name': '313629657155628683', 'age': {'sex': '34844655775548334'}}}---返回码200
2022-06-02 22:13:40 : 请求url:http://www.baidu.com/s---请求体json:{'page': '137508369422244894', 'userlist': {'user': '627917225853792107', 'name': '313629657155628683', 'age': {'sex': '579034586841831591'}}}---返回码200
2022-06-02 22:13:40 : 请求url:http://www.baidu.com/s---请求体json:{'page': '137508369422244894', 'userlist': {'user': '627917225853792107', 'name': '313629657155628683', 'age': {'sex': '5968325540813734824'}}}---返回码200
2022-06-02 22:13:40 : 请求url:http://www.baidu.com/s---请求体json:{'page': '137508369422244894', 'userlist': {'user': '627917225853792107', 'name': '1696806157968056013', 'age': {'sex': '34844655775548334'}}}---返回码200
2022-06-02 22:13:40 : 请求url:http://www.baidu.com/s---请求体json:{'page': '137508369422244894', 'userlist': {'user': '627917225853792107', 'name': '1696806157968056013', 'age': {'sex': '579034586841831591'}}}---返回码200
2022-06-02 22:13:41 : 请求url:http://www.baidu.com/s---请求体json:{'page': '137508369422244894', 'userlist': {'user': '627917225853792107', 'name': '1696806157968056013', 'age': {'sex': '5968325540813734824'}}}---返回码200
2022-06-02 22:13:41 : 请求url:http://www.baidu.com/s---请求体json:{'page': '137508369422244894', 'userlist': {'user': '2840163353813341779', 'name': '32041599352761619', 'age': {'sex': '34844655775548334'}}}---返回码200
2022-06-02 22:13:41 : 请求url:http://www.baidu.com/s---请求体json:{'page': '137508369422244894', 'userlist': {'user': '2840163353813341779', 'name': '32041599352761619', 'age': {'sex': '579034586841831591'}}}---返回码200
2022-06-02 22:13:41 : 请求url:http://www.baidu.com/s---请求体json:{'page': '137508369422244894', 'userlist': {'user': '2840163353813341779', 'name': '32041599352761619', 'age': {'sex': '5968325540813734824'}}}---返回码200
2022-06-02 22:13:41 : 请求url:http://www.baidu.com/s---请求体json:{'page': '137508369422244894', 'userlist': {'user': '2840163353813341779', 'name': '313629657155628683', 'age': {'sex': '34844655775548334'}}}---返回码200
2022-06-02 22:13:41 : 请求url:http://www.baidu.com/s---请求体json:{'page': '137508369422244894', 'userlist': {'user': '2840163353813341779', 'name': '313629657155628683', 'age': {'sex': '579034586841831591'}}}---返回码200
2022-06-02 22:13:42 : 请求url:http://www.baidu.com/s---请求体json:{'page': '137508369422244894', 'userlist': {'user': '2840163353813341779', 'name': '313629657155628683', 'age': {'sex': '5968325540813734824'}}}---返回码200
2022-06-02 22:13:42 : 请求url:http://www.baidu.com/s---请求体json:{'page': '137508369422244894', 'userlist': {'user': '2840163353813341779', 'name': '1696806157968056013', 'age': {'sex': '34844655775548334'}}}---返回码200
2022-06-02 22:13:42 : 请求url:http://www.baidu.com/s---请求体json:{'page': '137508369422244894', 'userlist': {'user': '2840163353813341779', 'name': '1696806157968056013', 'age': {'sex': '579034586841831591'}}}---返回码200
2022-06-02 22:13:42 : 请求url:http://www.baidu.com/s---请求体json:{'page': '137508369422244894', 'userlist': {'user': '2840163353813341779', 'name': '1696806157968056013', 'age': {'sex': '5968325540813734824'}}}---返回码200
2022-06-02 22:13:42 : 请求url:http://www.baidu.com/s---请求体json:{'page': '8316723143355628025', 'userlist': {'user': '81668640923872951', 'name': '32041599352761619', 'age': {'sex': '34844655775548334'}}}---返回码200
2022-06-02 22:17:20 : 请求url:http://www.baidu.com/s---请求体json:{'page': '94825015254488034', 'userlist': {'user': '58679122935932681'}}---返回码200
2022-06-02 22:17:21 : 请求url:http://www.baidu.com/s---请求体json:{'page': '94825015254488034', 'userlist': {'user': '566544779097951194'}}---返回码200
2022-06-02 22:17:21 : 请求url:http://www.baidu.com/s---请求体json:{'page': '94825015254488034', 'userlist': {'user': '8095119247305775280'}}---返回码200
2022-06-02 22:17:21 : 请求url:http://www.baidu.com/s---请求体json:{'page': '285136757413179295', 'userlist': {'user': '58679122935932681'}}---返回码200
2022-06-02 22:17:21 : 请求url:http://www.baidu.com/s---请求体json:{'page': '285136757413179295', 'userlist': {'user': '566544779097951194'}}---返回码200
2022-06-02 22:17:21 : 请求url:http://www.baidu.com/s---请求体json:{'page': '285136757413179295', 'userlist': {'user': '8095119247305775280'}}---返回码200
2022-06-02 22:17:21 : 请求url:http://www.baidu.com/s---请求体json:{'page': '8977771994699611747', 'userlist': {'user': '58679122935932681'}}---返回码200
2022-06-02 22:17:22 : 请求url:http://www.baidu.com/s---请求体json:{'page': '8977771994699611747', 'userlist': {'user': '566544779097951194'}}---返回码200
2022-06-02 22:17:22 : 请求url:http://www.baidu.com/s---请求体json:{'page': '8977771994699611747', 'userlist': {'user': '8095119247305775280'}}---返回码200
